Error: listen EADDRINUSE: address already in use :::8080
    at Server.setupListenHandle [as _listen2] (node:net:1463:16)
    at listenInCluster (node:net:1511:12)
    at Server.listen (node:net:1599:7)
    at Object.<anonymous> (/home/ec2-user/app.js:8:8)
    at Module._compile (node:internal/modules/cjs/loader:1155:14)
    at Object.Module._extensions..js (node:internal/modules/cjs/loader:1209:10)
    at Module.load (node:internal/modules/cjs/loader:1033:32)
    at Function.Module._load (node:internal/modules/cjs/loader:868:12)
    at Object.<anonymous> (/usr/lib/node_modules/pm2/lib/ProcessContainerFork.js:33:23)
    at Module._compile (node:internal/modules/cjs/loader:1155:14) {
  code: 'EADDRINUSE',
  errno: -98,
  syscall: 'listen',
  address: '::',
  port: 8080
}
Error: listen EADDRINUSE: address already in use :::8080
    at Server.setupListenHandle [as _listen2] (node:net:1463:16)
    at listenInCluster (node:net:1511:12)
    at Server.listen (node:net:1599:7)
    at Object.<anonymous> (/home/ec2-user/app.js:8:8)
    at Module._compile (node:internal/modules/cjs/loader:1155:14)
    at Object.Module._extensions..js (node:internal/modules/cjs/loader:1209:10)
    at Module.load (node:internal/modules/cjs/loader:1033:32)
    at Function.Module._load (node:internal/modules/cjs/loader:868:12)
    at Object.<anonymous> (/usr/lib/node_modules/pm2/lib/ProcessContainerFork.js:33:23)
    at Module._compile (node:internal/modules/cjs/loader:1155:14) {
  code: 'EADDRINUSE',
  errno: -98,
  syscall: 'listen',
  address: '::',
  port: 8080
}
Error: listen EADDRINUSE: address already in use :::8080
    at Server.setupListenHandle [as _listen2] (node:net:1463:16)
    at listenInCluster (node:net:1511:12)
    at Server.listen (node:net:1599:7)
    at Object.<anonymous> (/home/ec2-user/app.js:8:8)
    at Module._compile (node:internal/modules/cjs/loader:1155:14)
    at Object.Module._extensions..js (node:internal/modules/cjs/loader:1209:10)
    at Module.load (node:internal/modules/cjs/loader:1033:32)
    at Function.Module._load (node:internal/modules/cjs/loader:868:12)
    at Object.<anonymous> (/usr/lib/node_modules/pm2/lib/ProcessContainerFork.js:33:23)
    at Module._compile (node:internal/modules/cjs/loader:1155:14) {
  code: 'EADDRINUSE',
  errno: -98,
  syscall: 'listen',
  address: '::',
  port: 8080
}
Error: listen EADDRINUSE: address already in use :::8080
    at Server.setupListenHandle [as _listen2] (node:net:1463:16)
    at listenInCluster (node:net:1511:12)
    at Server.listen (node:net:1599:7)
    at Object.<anonymous> (/home/ec2-user/app.js:8:8)
    at Module._compile (node:internal/modules/cjs/loader:1155:14)
    at Object.Module._extensions..js (node:internal/modules/cjs/loader:1209:10)
    at Module.load (node:internal/modules/cjs/loader:1033:32)
    at Function.Module._load (node:internal/modules/cjs/loader:868:12)
    at Object.<anonymous> (/usr/lib/node_modules/pm2/lib/ProcessContainerFork.js:33:23)
    at Module._compile (node:internal/modules/cjs/loader:1155:14) {
  code: 'EADDRINUSE',
  errno: -98,
  syscall: 'listen',
  address: '::',
  port: 8080
}
Error: listen EADDRINUSE: address already in use :::8080
    at Server.setupListenHandle [as _listen2] (node:net:1463:16)
    at listenInCluster (node:net:1511:12)
    at Server.listen (node:net:1599:7)
    at Object.<anonymous> (/home/ec2-user/app.js:8:8)
    at Module._compile (node:internal/modules/cjs/loader:1155:14)
    at Object.Module._extensions..js (node:internal/modules/cjs/loader:1209:10)
    at Module.load (node:internal/modules/cjs/loader:1033:32)
    at Function.Module._load (node:internal/modules/cjs/loader:868:12)
    at Object.<anonymous> (/usr/lib/node_modules/pm2/lib/ProcessContainerFork.js:33:23)
    at Module._compile (node:internal/modules/cjs/loader:1155:14) {
  code: 'EADDRINUSE',
  errno: -98,
  syscall: 'listen',
  address: '::',
  port: 8080
}
Error: listen EADDRINUSE: address already in use :::8080
    at Server.setupListenHandle [as _listen2] (node:net:1463:16)
    at listenInCluster (node:net:1511:12)
    at Server.listen (node:net:1599:7)
    at Object.<anonymous> (/home/ec2-user/app.js:8:8)
    at Module._compile (node:internal/modules/cjs/loader:1155:14)
    at Object.Module._extensions..js (node:internal/modules/cjs/loader:1209:10)
    at Module.load (node:internal/modules/cjs/loader:1033:32)
    at Function.Module._load (node:internal/modules/cjs/loader:868:12)
    at Object.<anonymous> (/usr/lib/node_modules/pm2/lib/ProcessContainerFork.js:33:23)
    at Module._compile (node:internal/modules/cjs/loader:1155:14) {
  code: 'EADDRINUSE',
  errno: -98,
  syscall: 'listen',
  address: '::',
  port: 8080
}
Error: listen EADDRINUSE: address already in use :::8080
    at Server.setupListenHandle [as _listen2] (node:net:1463:16)
    at listenInCluster (node:net:1511:12)
    at Server.listen (node:net:1599:7)
    at Object.<anonymous> (/home/ec2-user/app.js:8:8)
    at Module._compile (node:internal/modules/cjs/loader:1155:14)
    at Object.Module._extensions..js (node:internal/modules/cjs/loader:1209:10)
    at Module.load (node:internal/modules/cjs/loader:1033:32)
    at Function.Module._load (node:internal/modules/cjs/loader:868:12)
    at Object.<anonymous> (/usr/lib/node_modules/pm2/lib/ProcessContainerFork.js:33:23)
    at Module._compile (node:internal/modules/cjs/loader:1155:14) {
  code: 'EADDRINUSE',
  errno: -98,
  syscall: 'listen',
  address: '::',
  port: 8080
}
Error: listen EADDRINUSE: address already in use :::8080
    at Server.setupListenHandle [as _listen2] (node:net:1463:16)
    at listenInCluster (node:net:1511:12)
    at Server.listen (node:net:1599:7)
    at Object.<anonymous> (/home/ec2-user/app.js:8:8)
    at Module._compile (node:internal/modules/cjs/loader:1155:14)
    at Object.Module._extensions..js (node:internal/modules/cjs/loader:1209:10)
    at Module.load (node:internal/modules/cjs/loader:1033:32)
    at Function.Module._load (node:internal/modules/cjs/loader:868:12)
    at Object.<anonymous> (/usr/lib/node_modules/pm2/lib/ProcessContainerFork.js:33:23)
    at Module._compile (node:internal/modules/cjs/loader:1155:14) {
  code: 'EADDRINUSE',
  errno: -98,
  syscall: 'listen',
  address: '::',
  port: 8080
}
Error: listen EADDRINUSE: address already in use :::8080
    at Server.setupListenHandle [as _listen2] (node:net:1463:16)
    at listenInCluster (node:net:1511:12)
    at Server.listen (node:net:1599:7)
    at Object.<anonymous> (/home/ec2-user/app.js:8:8)
    at Module._compile (node:internal/modules/cjs/loader:1155:14)
    at Object.Module._extensions..js (node:internal/modules/cjs/loader:1209:10)
    at Module.load (node:internal/modules/cjs/loader:1033:32)
    at Function.Module._load (node:internal/modules/cjs/loader:868:12)
    at Object.<anonymous> (/usr/lib/node_modules/pm2/lib/ProcessContainerFork.js:33:23)
    at Module._compile (node:internal/modules/cjs/loader:1155:14) {
  code: 'EADDRINUSE',
  errno: -98,
  syscall: 'listen',
  address: '::',
  port: 8080
}
Error: listen EADDRINUSE: address already in use :::8080
    at Server.setupListenHandle [as _listen2] (node:net:1463:16)
    at listenInCluster (node:net:1511:12)
    at Server.listen (node:net:1599:7)
    at Object.<anonymous> (/home/ec2-user/app.js:8:8)
    at Module._compile (node:internal/modules/cjs/loader:1155:14)
    at Object.Module._extensions..js (node:internal/modules/cjs/loader:1209:10)
    at Module.load (node:internal/modules/cjs/loader:1033:32)
    at Function.Module._load (node:internal/modules/cjs/loader:868:12)
    at Object.<anonymous> (/usr/lib/node_modules/pm2/lib/ProcessContainerFork.js:33:23)
    at Module._compile (node:internal/modules/cjs/loader:1155:14) {
  code: 'EADDRINUSE',
  errno: -98,
  syscall: 'listen',
  address: '::',
  port: 8080
}
Error: listen EADDRINUSE: address already in use :::8080
    at Server.setupListenHandle [as _listen2] (node:net:1463:16)
    at listenInCluster (node:net:1511:12)
    at Server.listen (node:net:1599:7)
    at Object.<anonymous> (/home/ec2-user/app.js:8:8)
    at Module._compile (node:internal/modules/cjs/loader:1155:14)
    at Object.Module._extensions..js (node:internal/modules/cjs/loader:1209:10)
    at Module.load (node:internal/modules/cjs/loader:1033:32)
    at Function.Module._load (node:internal/modules/cjs/loader:868:12)
    at Object.<anonymous> (/usr/lib/node_modules/pm2/lib/ProcessContainerFork.js:33:23)
    at Module._compile (node:internal/modules/cjs/loader:1155:14) {
  code: 'EADDRINUSE',
  errno: -98,
  syscall: 'listen',
  address: '::',
  port: 8080
}
Error: listen EADDRINUSE: address already in use :::8080
    at Server.setupListenHandle [as _listen2] (node:net:1463:16)
    at listenInCluster (node:net:1511:12)
    at Server.listen (node:net:1599:7)
    at Object.<anonymous> (/home/ec2-user/app.js:8:8)
    at Module._compile (node:internal/modules/cjs/loader:1155:14)
    at Object.Module._extensions..js (node:internal/modules/cjs/loader:1209:10)
    at Module.load (node:internal/modules/cjs/loader:1033:32)
    at Function.Module._load (node:internal/modules/cjs/loader:868:12)
    at Object.<anonymous> (/usr/lib/node_modules/pm2/lib/ProcessContainerFork.js:33:23)
    at Module._compile (node:internal/modules/cjs/loader:1155:14) {
  code: 'EADDRINUSE',
  errno: -98,
  syscall: 'listen',
  address: '::',
  port: 8080
}
Error: listen EADDRINUSE: address already in use :::8080
    at Server.setupListenHandle [as _listen2] (node:net:1463:16)
    at listenInCluster (node:net:1511:12)
    at Server.listen (node:net:1599:7)
    at Object.<anonymous> (/home/ec2-user/app.js:8:8)
    at Module._compile (node:internal/modules/cjs/loader:1155:14)
    at Object.Module._extensions..js (node:internal/modules/cjs/loader:1209:10)
    at Module.load (node:internal/modules/cjs/loader:1033:32)
    at Function.Module._load (node:internal/modules/cjs/loader:868:12)
    at Object.<anonymous> (/usr/lib/node_modules/pm2/lib/ProcessContainerFork.js:33:23)
    at Module._compile (node:internal/modules/cjs/loader:1155:14) {
  code: 'EADDRINUSE',
  errno: -98,
  syscall: 'listen',
  address: '::',
  port: 8080
}
Error: listen EADDRINUSE: address already in use :::8080
    at Server.setupListenHandle [as _listen2] (node:net:1463:16)
    at listenInCluster (node:net:1511:12)
    at Server.listen (node:net:1599:7)
    at Object.<anonymous> (/home/ec2-user/app.js:8:8)
    at Module._compile (node:internal/modules/cjs/loader:1155:14)
    at Object.Module._extensions..js (node:internal/modules/cjs/loader:1209:10)
    at Module.load (node:internal/modules/cjs/loader:1033:32)
    at Function.Module._load (node:internal/modules/cjs/loader:868:12)
    at Object.<anonymous> (/usr/lib/node_modules/pm2/lib/ProcessContainerFork.js:33:23)
    at Module._compile (node:internal/modules/cjs/loader:1155:14) {
  code: 'EADDRINUSE',
  errno: -98,
  syscall: 'listen',
  address: '::',
  port: 8080
}
Error: listen EADDRINUSE: address already in use :::8080
    at Server.setupListenHandle [as _listen2] (node:net:1463:16)
    at listenInCluster (node:net:1511:12)
    at Server.listen (node:net:1599:7)
    at Object.<anonymous> (/home/ec2-user/app.js:8:8)
    at Module._compile (node:internal/modules/cjs/loader:1155:14)
    at Object.Module._extensions..js (node:internal/modules/cjs/loader:1209:10)
    at Module.load (node:internal/modules/cjs/loader:1033:32)
    at Function.Module._load (node:internal/modules/cjs/loader:868:12)
    at Object.<anonymous> (/usr/lib/node_modules/pm2/lib/ProcessContainerFork.js:33:23)
    at Module._compile (node:internal/modules/cjs/loader:1155:14) {
  code: 'EADDRINUSE',
  errno: -98,
  syscall: 'listen',
  address: '::',
  port: 8080
}
Error: listen EADDRINUSE: address already in use :::8080
    at Server.setupListenHandle [as _listen2] (node:net:1463:16)
    at listenInCluster (node:net:1511:12)
    at Server.listen (node:net:1599:7)
    at Object.<anonymous> (/home/ec2-user/app.js:8:8)
    at Module._compile (node:internal/modules/cjs/loader:1155:14)
    at Object.Module._extensions..js (node:internal/modules/cjs/loader:1209:10)
    at Module.load (node:internal/modules/cjs/loader:1033:32)
    at Function.Module._load (node:internal/modules/cjs/loader:868:12)
    at Object.<anonymous> (/usr/lib/node_modules/pm2/lib/ProcessContainerFork.js:33:23)
    at Module._compile (node:internal/modules/cjs/loader:1155:14) {
  code: 'EADDRINUSE',
  errno: -98,
  syscall: 'listen',
  address: '::',
  port: 8080
}
