0 verbose cli /usr/bin/node /usr/bin/npm
1 info using npm@8.19.2
2 info using node@v16.18.1
3 timing npm:load:whichnode Completed in 1ms
4 timing config:load:defaults Completed in 2ms
5 timing config:load:file:/usr/lib/node_modules/npm/npmrc Completed in 16ms
6 timing config:load:builtin Completed in 17ms
7 timing config:load:cli Completed in 2ms
8 timing config:load:env Completed in 1ms
9 timing config:load:project Completed in 5ms
10 timing config:load:file:/home/ec2-user/.npmrc Completed in 0ms
11 timing config:load:user Completed in 0ms
12 timing config:load:file:/usr/etc/npmrc Completed in 0ms
13 timing config:load:global Completed in 0ms
14 timing config:load:validate Completed in 1ms
15 timing config:load:credentials Completed in 1ms
16 timing config:load:setEnvs Completed in 1ms
17 timing config:load Completed in 31ms
18 timing npm:load:configload Completed in 31ms
19 timing npm:load:mkdirpcache Completed in 1ms
20 timing npm:load:mkdirplogs Completed in 0ms
21 verbose title npm install pm2
22 verbose argv "install" "pm2" "--global"
23 timing npm:load:setTitle Completed in 2ms
24 timing config:load:flatten Completed in 3ms
25 timing npm:load:display Completed in 6ms
26 verbose logfile logs-max:10 dir:/home/ec2-user/.npm/_logs
27 verbose logfile /home/ec2-user/.npm/_logs/2022-12-12T07_27_16_622Z-debug-0.log
28 timing npm:load:logFile Completed in 6ms
29 timing npm:load:timers Completed in 0ms
30 timing npm:load:configScope Completed in 0ms
31 timing npm:load Completed in 47ms
32 timing arborist:ctor Completed in 1ms
33 silly logfile done cleaning log files
34 timing idealTree:init Completed in 6ms
35 timing idealTree:userRequests Completed in 2ms
36 silly idealTree buildDeps
37 silly fetch manifest pm2@*
38 http fetch GET 200 https://registry.npmjs.org/pm2 117ms (cache miss)
39 silly placeDep ROOT pm2@5.2.2 OK for:  want: *
40 silly fetch manifest @pm2/agent@~2.0.0
41 silly fetch manifest @pm2/io@~5.0.0
42 silly fetch manifest @pm2/js-api@~0.6.7
43 silly fetch manifest @pm2/pm2-version-check@latest
44 silly fetch manifest async@~3.2.0
45 silly fetch manifest blessed@0.1.81
46 silly fetch manifest chalk@3.0.0
47 silly fetch manifest chokidar@^3.5.3
48 silly fetch manifest cli-tableau@^2.0.0
49 silly fetch manifest commander@2.15.1
50 silly fetch manifest croner@~4.1.92
51 silly fetch manifest dayjs@~1.11.5
52 silly fetch manifest debug@^4.3.1
53 silly fetch manifest enquirer@2.3.6
54 silly fetch manifest eventemitter2@5.0.1
55 silly fetch manifest fclone@1.0.11
56 silly fetch manifest mkdirp@1.0.4
57 silly fetch manifest needle@2.4.0
58 silly fetch manifest pidusage@~3.0
59 silly fetch manifest pm2-axon@~4.0.1
60 silly fetch manifest pm2-axon-rpc@~0.7.1
61 silly fetch manifest pm2-deploy@~1.0.2
62 silly fetch manifest pm2-multimeter@^0.1.2
63 silly fetch manifest promptly@^2
64 silly fetch manifest semver@^7.2
65 silly fetch manifest source-map-support@0.5.21
66 silly fetch manifest sprintf-js@1.1.2
67 silly fetch manifest vizion@~2.2.1
68 silly fetch manifest yamljs@0.3.0
69 silly fetch manifest pm2-sysmonit@^1.2.8
70 http fetch GET 200 https://registry.npmjs.org/npm 307ms (cache miss)
71 http fetch GET 200 https://registry.npmjs.org/fclone 320ms (cache miss)
72 http fetch GET 200 https://registry.npmjs.org/eventemitter2 324ms (cache miss)
73 http fetch GET 200 https://registry.npmjs.org/cli-tableau 333ms (cache miss)
74 http fetch GET 200 https://registry.npmjs.org/mkdirp 325ms (cache miss)
75 http fetch GET 200 https://registry.npmjs.org/yamljs 316ms (cache miss)
76 http fetch GET 200 https://registry.npmjs.org/@pm2%2fagent 341ms (cache miss)
77 http fetch GET 200 https://registry.npmjs.org/promptly 323ms (cache miss)
78 http fetch GET 200 https://registry.npmjs.org/pm2-multimeter 326ms (cache miss)
79 http fetch GET 200 https://registry.npmjs.org/@pm2%2fpm2-version-check 347ms (cache miss)
80 http fetch GET 200 https://registry.npmjs.org/pm2-axon 333ms (cache miss)
81 http fetch GET 200 https://registry.npmjs.org/needle 337ms (cache miss)
82 http fetch GET 200 https://registry.npmjs.org/pm2-deploy 339ms (cache miss)
83 http fetch GET 200 https://registry.npmjs.org/pm2-sysmonit 328ms (cache miss)
84 http fetch GET 200 https://registry.npmjs.org/pm2-axon-rpc 341ms (cache miss)
85 http fetch GET 200 https://registry.npmjs.org/pidusage 345ms (cache miss)
86 http fetch GET 200 https://registry.npmjs.org/sprintf-js 339ms (cache miss)
87 http fetch GET 200 https://registry.npmjs.org/source-map-support 341ms (cache miss)
88 http fetch GET 200 https://registry.npmjs.org/semver 347ms (cache miss)
89 http fetch GET 200 https://registry.npmjs.org/vizion 346ms (cache miss)
90 http fetch GET 200 https://registry.npmjs.org/blessed 369ms (cache miss)
91 http fetch GET 200 https://registry.npmjs.org/chalk 371ms (cache miss)
92 http fetch GET 200 https://registry.npmjs.org/enquirer 367ms (cache miss)
93 http fetch GET 200 https://registry.npmjs.org/debug 372ms (cache miss)
94 http fetch GET 200 https://registry.npmjs.org/async 380ms (cache miss)
95 http fetch GET 200 https://registry.npmjs.org/chokidar 380ms (cache miss)
96 http fetch GET 200 https://registry.npmjs.org/commander 380ms (cache miss)
97 http fetch GET 200 https://registry.npmjs.org/dayjs 381ms (cache miss)
98 http fetch GET 200 https://registry.npmjs.org/@pm2%2fio 507ms (cache miss)
99 http fetch GET 200 https://registry.npmjs.org/croner 1204ms (cache miss)
100 http fetch GET 200 https://registry.npmjs.org/@pm2%2fjs-api 1246ms (cache miss)
101 timing idealTree:#root Completed in 1387ms
102 silly placeDep node_modules/pm2 @pm2/agent@2.0.1 OK for: pm2@5.2.2 want: ~2.0.0
103 silly placeDep node_modules/pm2 @pm2/io@5.0.0 OK for: pm2@5.2.2 want: ~5.0.0
104 silly placeDep node_modules/pm2 @pm2/js-api@0.6.7 OK for: pm2@5.2.2 want: ~0.6.7
105 silly placeDep node_modules/pm2 @pm2/pm2-version-check@1.0.4 OK for: pm2@5.2.2 want: latest
106 silly placeDep node_modules/pm2 async@3.2.4 OK for: pm2@5.2.2 want: ~3.2.0
107 silly placeDep node_modules/pm2 blessed@0.1.81 OK for: pm2@5.2.2 want: 0.1.81
108 silly placeDep node_modules/pm2 chalk@3.0.0 OK for: pm2@5.2.2 want: 3.0.0
109 silly placeDep node_modules/pm2 chokidar@3.5.3 OK for: pm2@5.2.2 want: ^3.5.3
110 silly placeDep node_modules/pm2 cli-tableau@2.0.1 OK for: pm2@5.2.2 want: ^2.0.0
111 silly placeDep node_modules/pm2 commander@2.15.1 OK for: pm2@5.2.2 want: 2.15.1
112 silly placeDep node_modules/pm2 croner@4.1.97 OK for: pm2@5.2.2 want: ~4.1.92
113 silly placeDep node_modules/pm2 dayjs@1.11.7 OK for: pm2@5.2.2 want: ~1.11.5
114 silly placeDep node_modules/pm2 debug@4.3.4 OK for: pm2@5.2.2 want: ^4.3.1
115 silly placeDep node_modules/pm2 enquirer@2.3.6 OK for: pm2@5.2.2 want: 2.3.6
116 silly placeDep node_modules/pm2 eventemitter2@5.0.1 OK for: pm2@5.2.2 want: 5.0.1
117 silly placeDep node_modules/pm2 fclone@1.0.11 OK for: pm2@5.2.2 want: 1.0.11
118 silly placeDep node_modules/pm2 mkdirp@1.0.4 OK for: pm2@5.2.2 want: 1.0.4
119 silly placeDep node_modules/pm2 needle@2.4.0 OK for: pm2@5.2.2 want: 2.4.0
120 silly placeDep node_modules/pm2 pidusage@3.0.2 OK for: pm2@5.2.2 want: ~3.0
121 silly placeDep node_modules/pm2 pm2-axon@4.0.1 OK for: pm2@5.2.2 want: ~4.0.1
122 silly placeDep node_modules/pm2 pm2-axon-rpc@0.7.1 OK for: pm2@5.2.2 want: ~0.7.1
123 silly placeDep node_modules/pm2 pm2-deploy@1.0.2 OK for: pm2@5.2.2 want: ~1.0.2
124 silly placeDep node_modules/pm2 pm2-multimeter@0.1.2 OK for: pm2@5.2.2 want: ^0.1.2
125 silly placeDep node_modules/pm2 pm2-sysmonit@1.2.8 OK for: pm2@5.2.2 want: ^1.2.8
126 silly placeDep node_modules/pm2 promptly@2.2.0 OK for: pm2@5.2.2 want: ^2
127 silly placeDep node_modules/pm2 semver@7.3.8 OK for: pm2@5.2.2 want: ^7.2
128 silly placeDep node_modules/pm2 source-map-support@0.5.21 OK for: pm2@5.2.2 want: 0.5.21
129 silly placeDep node_modules/pm2 sprintf-js@1.1.2 OK for: pm2@5.2.2 want: 1.1.2
130 silly placeDep node_modules/pm2 vizion@2.2.1 OK for: pm2@5.2.2 want: ~2.2.1
131 silly placeDep node_modules/pm2 yamljs@0.3.0 OK for: pm2@5.2.2 want: 0.3.0
132 silly fetch manifest dayjs@~1.8.24
133 silly fetch manifest fast-json-patch@^3.0.0-1
134 silly fetch manifest nssocket@0.6.0
135 silly fetch manifest proxy-agent@~5.0.0
136 silly fetch manifest semver@~7.2.0
137 silly fetch manifest ws@~7.4.0
138 silly fetch manifest @opencensus/core@0.0.9
139 silly fetch manifest @opencensus/propagation-b3@0.0.8
140 silly fetch manifest async@~2.6.1
141 silly fetch manifest eventemitter2@^6.3.1
142 silly fetch manifest require-in-the-middle@^5.0.0
143 silly fetch manifest semver@6.3.0
144 silly fetch manifest shimmer@^1.2.0
145 silly fetch manifest signal-exit@^3.0.3
146 silly fetch manifest tslib@1.9.3
147 silly fetch manifest async@^2.6.3
148 silly fetch manifest axios@^0.21.0
149 silly fetch manifest ws@^7.0.0
150 silly fetch manifest ansi-styles@^4.1.0
151 silly fetch manifest supports-color@^7.1.0
152 silly fetch manifest anymatch@~3.1.2
153 silly fetch manifest braces@~3.0.2
154 silly fetch manifest glob-parent@~5.1.2
155 silly fetch manifest is-binary-path@~2.1.0
156 silly fetch manifest is-glob@~4.0.1
157 silly fetch manifest normalize-path@~3.0.0
158 silly fetch manifest readdirp@~3.6.0
159 silly fetch manifest fsevents@~2.3.2
160 silly fetch manifest ms@2.1.2
161 silly fetch manifest ansi-colors@^4.1.1
162 silly fetch manifest debug@^3.2.6
163 silly fetch manifest iconv-lite@^0.4.4
164 silly fetch manifest sax@^1.2.4
165 silly fetch manifest safe-buffer@^5.2.1
166 silly fetch manifest amp@~0.3.1
167 silly fetch manifest amp-message@~0.1.1
168 silly fetch manifest escape-string-regexp@^4.0.0
169 silly fetch manifest run-series@^1.1.8
170 silly fetch manifest tv4@^1.3.0
171 silly fetch manifest charm@~0.1.1
172 silly fetch manifest pidusage@^2.0.21
173 silly fetch manifest systeminformation@^5.7
174 silly fetch manifest tx2@~1.0.4
175 silly fetch manifest read@^1.0.4
176 silly fetch manifest lru-cache@^6.0.0
177 silly fetch manifest buffer-from@^1.0.0
178 silly fetch manifest source-map@^0.6.0
179 silly fetch manifest git-node-fs@^1.0.0
180 silly fetch manifest ini@^1.3.5
181 silly fetch manifest js-git@^0.7.8
182 silly fetch manifest argparse@^1.0.7
183 silly fetch manifest glob@^7.0.5
184 http fetch GET 200 https://registry.npmjs.org/proxy-agent 355ms (cache miss)
185 http fetch GET 200 https://registry.npmjs.org/nssocket 358ms (cache miss)
186 http fetch GET 200 https://registry.npmjs.org/tslib 349ms (cache miss)
187 http fetch GET 200 https://registry.npmjs.org/is-glob 339ms (cache miss)
188 http fetch GET 200 https://registry.npmjs.org/ms 335ms (cache miss)
189 http fetch GET 200 https://registry.npmjs.org/signal-exit 357ms (cache miss)
190 http fetch GET 200 https://registry.npmjs.org/require-in-the-middle 361ms (cache miss)
191 http fetch GET 200 https://registry.npmjs.org/anymatch 354ms (cache miss)
192 http fetch GET 200 https://registry.npmjs.org/ansi-styles 357ms (cache miss)
193 http fetch GET 200 https://registry.npmjs.org/normalize-path 349ms (cache miss)
194 http fetch GET 200 https://registry.npmjs.org/sax 341ms (cache miss)
195 http fetch GET 200 https://registry.npmjs.org/escape-string-regexp 339ms (cache miss)
196 http fetch GET 200 https://registry.npmjs.org/run-series 340ms (cache miss)
197 http fetch GET 200 https://registry.npmjs.org/shimmer 368ms (cache miss)
198 http fetch GET 200 https://registry.npmjs.org/braces 358ms (cache miss)
199 http fetch GET 200 https://registry.npmjs.org/amp 345ms (cache miss)
200 http fetch GET 200 https://registry.npmjs.org/is-binary-path 358ms (cache miss)
201 http fetch GET 200 https://registry.npmjs.org/fast-json-patch 382ms (cache miss)
202 http fetch GET 200 https://registry.npmjs.org/readdirp 360ms (cache miss)
203 http fetch GET 200 https://registry.npmjs.org/safe-buffer 351ms (cache miss)
204 http fetch GET 200 https://registry.npmjs.org/amp-message 351ms (cache miss)
205 http fetch GET 200 https://registry.npmjs.org/ws 374ms (cache miss)
206 http fetch GET 200 https://registry.npmjs.org/iconv-lite 368ms (cache miss)
207 http fetch GET 200 https://registry.npmjs.org/buffer-from 361ms (cache miss)
208 http fetch GET 200 https://registry.npmjs.org/supports-color 394ms (cache miss)
209 http fetch GET 200 https://registry.npmjs.org/@opencensus%2fcore 407ms (cache miss)
210 http fetch GET 200 https://registry.npmjs.org/git-node-fs 366ms (cache miss)
211 http fetch GET 200 https://registry.npmjs.org/ansi-colors 386ms (cache miss)
212 http fetch GET 200 https://registry.npmjs.org/ini 350ms (cache miss)
213 http fetch GET 200 https://registry.npmjs.org/glob-parent 394ms (cache miss)
214 http fetch GET 200 https://registry.npmjs.org/argparse 348ms (cache miss)
215 http fetch GET 200 https://registry.npmjs.org/js-git 351ms (cache miss)
216 http fetch GET 200 https://registry.npmjs.org/charm 377ms (cache miss)
217 http fetch GET 200 https://registry.npmjs.org/axios 411ms (cache miss)
218 http fetch GET 200 https://registry.npmjs.org/source-map 379ms (cache miss)
219 http fetch GET 200 https://registry.npmjs.org/tv4 391ms (cache miss)
220 http fetch GET 200 https://registry.npmjs.org/lru-cache 384ms (cache miss)
221 http fetch GET 200 https://registry.npmjs.org/read 390ms (cache miss)
222 http fetch GET 200 https://registry.npmjs.org/fsevents 412ms (cache miss)
223 http fetch GET 200 https://registry.npmjs.org/glob 349ms (cache miss)
224 http fetch GET 200 https://registry.npmjs.org/@opencensus%2fpropagation-b3 437ms (cache miss)
225 http fetch GET 200 https://registry.npmjs.org/ws 438ms (cache miss)
226 http fetch GET 200 https://registry.npmjs.org/systeminformation 405ms (cache miss)
227 http fetch GET 200 https://registry.npmjs.org/tx2 453ms (cache miss)
228 timing idealTree:node_modules/pm2 Completed in 570ms
229 silly fetch manifest bufferutil@^4.0.1
230 http fetch GET 200 https://registry.npmjs.org/bufferutil 36ms (cache miss)
231 silly fetch manifest utf-8-validate@^5.0.2
232 http fetch GET 200 https://registry.npmjs.org/utf-8-validate 68ms (cache miss)
233 silly placeDep node_modules/pm2/node_modules/@pm2/agent dayjs@1.8.36 OK for: @pm2/agent@2.0.1 want: ~1.8.24
234 silly placeDep node_modules/pm2 fast-json-patch@3.1.1 OK for: @pm2/agent@2.0.1 want: ^3.0.0-1
235 silly placeDep node_modules/pm2 nssocket@0.6.0 OK for: @pm2/agent@2.0.1 want: 0.6.0
236 silly placeDep node_modules/pm2 proxy-agent@5.0.0 OK for: @pm2/agent@2.0.1 want: ~5.0.0
237 silly placeDep node_modules/pm2/node_modules/@pm2/agent semver@7.2.3 OK for: @pm2/agent@2.0.1 want: ~7.2.0
238 silly placeDep node_modules/pm2 ws@7.4.6 OK for: @pm2/agent@2.0.1 want: ~7.4.0
239 silly fetch manifest eventemitter2@~0.4.14
240 silly fetch manifest lazy@~1.0.11
241 silly fetch manifest agent-base@^6.0.0
242 silly fetch manifest http-proxy-agent@^4.0.0
243 silly fetch manifest https-proxy-agent@^5.0.0
244 silly fetch manifest lru-cache@^5.1.1
245 silly fetch manifest pac-proxy-agent@^5.0.0
246 silly fetch manifest proxy-from-env@^1.0.0
247 silly fetch manifest socks-proxy-agent@^5.0.0
248 http fetch GET 200 https://registry.npmjs.org/lazy 41ms (cache miss)
249 http fetch GET 200 https://registry.npmjs.org/agent-base 48ms (cache miss)
250 http fetch GET 200 https://registry.npmjs.org/pac-proxy-agent 46ms (cache miss)
251 http fetch GET 200 https://registry.npmjs.org/https-proxy-agent 53ms (cache miss)
252 http fetch GET 200 https://registry.npmjs.org/socks-proxy-agent 64ms (cache miss)
253 http fetch GET 200 https://registry.npmjs.org/proxy-from-env 81ms (cache miss)
254 http fetch GET 200 https://registry.npmjs.org/http-proxy-agent 105ms (cache miss)
255 timing idealTree:node_modules/pm2/node_modules/@pm2/agent Completed in 238ms
256 silly placeDep node_modules/pm2 @opencensus/core@0.0.9 OK for: @pm2/io@5.0.0 want: 0.0.9
257 silly placeDep node_modules/pm2 @opencensus/propagation-b3@0.0.8 OK for: @pm2/io@5.0.0 want: 0.0.8
258 silly placeDep node_modules/pm2/node_modules/@pm2/io async@2.6.4 OK for: @pm2/io@5.0.0 want: ~2.6.1
259 silly placeDep node_modules/pm2/node_modules/@pm2/io eventemitter2@6.4.9 OK for: @pm2/io@5.0.0 want: ^6.3.1
260 silly placeDep node_modules/pm2 require-in-the-middle@5.2.0 OK for: @pm2/io@5.0.0 want: ^5.0.0
261 silly placeDep node_modules/pm2/node_modules/@pm2/io semver@6.3.0 OK for: @pm2/io@5.0.0 want: 6.3.0
262 silly placeDep node_modules/pm2 shimmer@1.2.1 OK for: @pm2/io@5.0.0 want: ^1.2.0
263 silly placeDep node_modules/pm2 signal-exit@3.0.7 OK for: @pm2/io@5.0.0 want: ^3.0.3
264 silly placeDep node_modules/pm2 tslib@1.9.3 OK for: @pm2/io@5.0.0 want: 1.9.3
265 silly fetch manifest continuation-local-storage@^3.2.1
266 silly fetch manifest log-driver@^1.2.7
267 silly fetch manifest semver@^5.5.0
268 silly fetch manifest uuid@^3.2.1
269 silly fetch manifest @opencensus/core@^0.0.8
270 silly fetch manifest lodash@^4.17.14
271 silly fetch manifest module-details-from-path@^1.0.3
272 silly fetch manifest resolve@^1.22.1
273 http fetch GET 200 https://registry.npmjs.org/module-details-from-path 35ms (cache miss)
274 http fetch GET 200 https://registry.npmjs.org/resolve 35ms (cache miss)
275 http fetch GET 200 https://registry.npmjs.org/uuid 43ms (cache miss)
276 http fetch GET 200 https://registry.npmjs.org/lodash 53ms (cache miss)
277 http fetch GET 200 https://registry.npmjs.org/log-driver 60ms (cache miss)
278 http fetch GET 200 https://registry.npmjs.org/continuation-local-storage 74ms (cache miss)
279 timing idealTree:node_modules/pm2/node_modules/@pm2/io Completed in 99ms
280 silly placeDep node_modules/pm2 continuation-local-storage@3.2.1 OK for: @opencensus/core@0.0.9 want: ^3.2.1
281 silly placeDep node_modules/pm2 log-driver@1.2.7 OK for: @opencensus/core@0.0.9 want: ^1.2.7
282 silly placeDep node_modules/pm2/node_modules/@opencensus/core semver@5.7.1 OK for: @opencensus/core@0.0.9 want: ^5.5.0
283 silly placeDep node_modules/pm2 uuid@3.4.0 OK for: @opencensus/core@0.0.9 want: ^3.2.1
284 silly fetch manifest async-listener@^0.6.0
285 silly fetch manifest emitter-listener@^1.1.1
286 http fetch GET 200 https://registry.npmjs.org/emitter-listener 44ms (cache miss)
287 http fetch GET 200 https://registry.npmjs.org/async-listener 69ms (cache miss)
288 timing idealTree:node_modules/pm2/node_modules/@opencensus/core Completed in 75ms
289 silly placeDep node_modules/pm2/node_modules/@opencensus/propagation-b3 @opencensus/core@0.0.8 OK for: @opencensus/propagation-b3@0.0.8 want: ^0.0.8
290 timing idealTree:node_modules/pm2/node_modules/@opencensus/propagation-b3 Completed in 2ms
291 silly placeDep node_modules/pm2/node_modules/@pm2/js-api async@2.6.4 OK for: @pm2/js-api@0.6.7 want: ^2.6.3
292 silly placeDep node_modules/pm2 axios@0.21.4 OK for: @pm2/js-api@0.6.7 want: ^0.21.0
293 silly placeDep node_modules/pm2/node_modules/@pm2/js-api eventemitter2@6.4.9 OK for: @pm2/js-api@0.6.7 want: ^6.3.1
294 silly fetch manifest follow-redirects@^1.14.0
295 http fetch GET 200 https://registry.npmjs.org/follow-redirects 88ms (cache miss)
296 timing idealTree:node_modules/pm2/node_modules/@pm2/js-api Completed in 104ms
297 timing idealTree:node_modules/pm2/node_modules/@pm2/pm2-version-check Completed in 0ms
298 timing idealTree:node_modules/pm2/node_modules/async Completed in 0ms
299 silly placeDep node_modules/pm2 follow-redirects@1.15.2 OK for: axios@0.21.4 want: ^1.14.0
300 timing idealTree:node_modules/pm2/node_modules/axios Completed in 3ms
301 timing idealTree:node_modules/pm2/node_modules/blessed Completed in 0ms
302 silly placeDep node_modules/pm2 ansi-styles@4.3.0 OK for: chalk@3.0.0 want: ^4.1.0
303 silly placeDep node_modules/pm2 supports-color@7.2.0 OK for: chalk@3.0.0 want: ^7.1.0
304 silly fetch manifest color-convert@^2.0.1
305 silly fetch manifest has-flag@^4.0.0
306 http fetch GET 200 https://registry.npmjs.org/has-flag 41ms (cache miss)
307 http fetch GET 200 https://registry.npmjs.org/color-convert 51ms (cache miss)
308 timing idealTree:node_modules/pm2/node_modules/chalk Completed in 55ms
309 silly placeDep node_modules/pm2 color-convert@2.0.1 OK for: ansi-styles@4.3.0 want: ^2.0.1
310 silly fetch manifest color-name@~1.1.4
311 http fetch GET 200 https://registry.npmjs.org/color-name 1053ms (cache miss)
312 timing idealTree:node_modules/pm2/node_modules/ansi-styles Completed in 1057ms
313 silly placeDep node_modules/pm2 anymatch@3.1.3 OK for: chokidar@3.5.3 want: ~3.1.2
314 silly placeDep node_modules/pm2 braces@3.0.2 OK for: chokidar@3.5.3 want: ~3.0.2
315 silly placeDep node_modules/pm2 fsevents@2.3.2 OK for: chokidar@3.5.3 want: ~2.3.2
316 silly placeDep node_modules/pm2 glob-parent@5.1.2 OK for: chokidar@3.5.3 want: ~5.1.2
317 silly placeDep node_modules/pm2 is-binary-path@2.1.0 OK for: chokidar@3.5.3 want: ~2.1.0
318 silly placeDep node_modules/pm2 is-glob@4.0.3 OK for: chokidar@3.5.3 want: ~4.0.1
319 silly placeDep node_modules/pm2 normalize-path@3.0.0 OK for: chokidar@3.5.3 want: ~3.0.0
320 silly placeDep node_modules/pm2 readdirp@3.6.0 OK for: chokidar@3.5.3 want: ~3.6.0
321 silly fetch manifest picomatch@^2.0.4
322 silly fetch manifest fill-range@^7.0.1
323 silly fetch manifest binary-extensions@^2.0.0
324 silly fetch manifest is-extglob@^2.1.1
325 silly fetch manifest picomatch@^2.2.1
326 http fetch GET 200 https://registry.npmjs.org/picomatch 30ms (cache miss)
327 http fetch GET 200 https://registry.npmjs.org/fill-range 34ms (cache miss)
328 http fetch GET 200 https://registry.npmjs.org/binary-extensions 37ms (cache miss)
329 http fetch GET 200 https://registry.npmjs.org/picomatch 51ms (cache miss)
330 http fetch GET 200 https://registry.npmjs.org/is-extglob 49ms (cache miss)
331 timing idealTree:node_modules/pm2/node_modules/chokidar Completed in 70ms
332 silly placeDep node_modules/pm2 picomatch@2.3.1 OK for: anymatch@3.1.3 want: ^2.0.4
333 timing idealTree:node_modules/pm2/node_modules/anymatch Completed in 2ms
334 silly placeDep node_modules/pm2 fill-range@7.0.1 OK for: braces@3.0.2 want: ^7.0.1
335 silly fetch manifest to-regex-range@^5.0.1
336 http fetch GET 200 https://registry.npmjs.org/to-regex-range 30ms (cache miss)
337 timing idealTree:node_modules/pm2/node_modules/braces Completed in 32ms
338 timing idealTree:node_modules/pm2/node_modules/cli-tableau Completed in 0ms
339 silly placeDep node_modules/pm2 color-name@1.1.4 OK for: color-convert@2.0.1 want: ~1.1.4
340 timing idealTree:node_modules/pm2/node_modules/color-convert Completed in 2ms
341 timing idealTree:node_modules/pm2/node_modules/color-name Completed in 0ms
342 timing idealTree:node_modules/pm2/node_modules/commander Completed in 0ms
343 silly placeDep node_modules/pm2 async-listener@0.6.10 OK for: continuation-local-storage@3.2.1 want: ^0.6.0
344 silly placeDep node_modules/pm2 emitter-listener@1.1.2 OK for: continuation-local-storage@3.2.1 want: ^1.1.1
345 silly fetch manifest semver@^5.3.0
346 timing idealTree:node_modules/pm2/node_modules/continuation-local-storage Completed in 7ms
347 silly placeDep node_modules/pm2/node_modules/async-listener semver@5.7.1 OK for: async-listener@0.6.10 want: ^5.3.0
348 timing idealTree:node_modules/pm2/node_modules/async-listener Completed in 2ms
349 timing idealTree:node_modules/pm2/node_modules/croner Completed in 0ms
350 timing idealTree:node_modules/pm2/node_modules/dayjs Completed in 0ms
351 silly placeDep node_modules/pm2 ms@2.1.2 OK for: debug@4.3.4 want: 2.1.2
352 timing idealTree:node_modules/pm2/node_modules/debug Completed in 1ms
353 timing idealTree:node_modules/pm2/node_modules/emitter-listener Completed in 0ms
354 silly placeDep node_modules/pm2 ansi-colors@4.1.3 OK for: enquirer@2.3.6 want: ^4.1.1
355 timing idealTree:node_modules/pm2/node_modules/enquirer Completed in 2ms
356 timing idealTree:node_modules/pm2/node_modules/ansi-colors Completed in 0ms
357 timing idealTree:node_modules/pm2/node_modules/eventemitter2 Completed in 0ms
358 timing idealTree:node_modules/pm2/node_modules/fast-json-patch Completed in 0ms
359 timing idealTree:node_modules/pm2/node_modules/fclone Completed in 0ms
360 silly placeDep node_modules/pm2 to-regex-range@5.0.1 OK for: fill-range@7.0.1 want: ^5.0.1
361 silly fetch manifest is-number@^7.0.0
362 http fetch GET 200 https://registry.npmjs.org/is-number 48ms (cache miss)
363 timing idealTree:node_modules/pm2/node_modules/fill-range Completed in 51ms
364 timing idealTree:node_modules/pm2/node_modules/follow-redirects Completed in 0ms
365 timing idealTree:node_modules/pm2/node_modules/fsevents Completed in 0ms
366 timing idealTree:node_modules/pm2/node_modules/glob-parent Completed in 0ms
367 silly placeDep node_modules/pm2 binary-extensions@2.2.0 OK for: is-binary-path@2.1.0 want: ^2.0.0
368 timing idealTree:node_modules/pm2/node_modules/is-binary-path Completed in 8ms
369 timing idealTree:node_modules/pm2/node_modules/binary-extensions Completed in 0ms
370 silly placeDep node_modules/pm2 is-extglob@2.1.1 OK for: is-glob@4.0.3 want: ^2.1.1
371 timing idealTree:node_modules/pm2/node_modules/is-glob Completed in 1ms
372 timing idealTree:node_modules/pm2/node_modules/is-extglob Completed in 0ms
373 timing idealTree:node_modules/pm2/node_modules/log-driver Completed in 1ms
374 timing idealTree:node_modules/pm2/node_modules/mkdirp Completed in 0ms
375 timing idealTree:node_modules/pm2/node_modules/ms Completed in 0ms
376 silly placeDep node_modules/pm2/node_modules/needle debug@3.2.7 OK for: needle@2.4.0 want: ^3.2.6
377 silly placeDep node_modules/pm2 iconv-lite@0.4.24 OK for: needle@2.4.0 want: ^0.4.4
378 silly placeDep node_modules/pm2 sax@1.2.4 OK for: needle@2.4.0 want: ^1.2.4
379 silly fetch manifest safer-buffer@>= 2.1.2 < 3
380 http fetch GET 200 https://registry.npmjs.org/safer-buffer 42ms (cache miss)
381 timing idealTree:node_modules/pm2/node_modules/needle Completed in 48ms
382 silly placeDep node_modules/pm2 safer-buffer@2.1.2 OK for: iconv-lite@0.4.24 want: >= 2.1.2 < 3
383 timing idealTree:node_modules/pm2/node_modules/iconv-lite Completed in 2ms
384 timing idealTree:node_modules/pm2/node_modules/normalize-path Completed in 0ms
385 silly placeDep node_modules/pm2/node_modules/nssocket eventemitter2@0.4.14 OK for: nssocket@0.6.0 want: ~0.4.14
386 silly placeDep node_modules/pm2 lazy@1.0.11 OK for: nssocket@0.6.0 want: ~1.0.11
387 timing idealTree:node_modules/pm2/node_modules/nssocket Completed in 2ms
388 timing idealTree:node_modules/pm2/node_modules/lazy Completed in 0ms
389 timing idealTree:node_modules/pm2/node_modules/picomatch Completed in 0ms
390 silly placeDep node_modules/pm2 safe-buffer@5.2.1 OK for: pidusage@3.0.2 want: ^5.2.1
391 timing idealTree:node_modules/pm2/node_modules/pidusage Completed in 2ms
392 silly placeDep node_modules/pm2 amp@0.3.1 OK for: pm2-axon@4.0.1 want: ~0.3.1
393 silly placeDep node_modules/pm2 amp-message@0.1.2 OK for: pm2-axon@4.0.1 want: ~0.1.1
394 silly placeDep node_modules/pm2 escape-string-regexp@4.0.0 OK for: pm2-axon@4.0.1 want: ^4.0.0
395 timing idealTree:node_modules/pm2/node_modules/pm2-axon Completed in 3ms
396 timing idealTree:node_modules/pm2/node_modules/amp Completed in 0ms
397 timing idealTree:node_modules/pm2/node_modules/amp-message Completed in 0ms
398 timing idealTree:node_modules/pm2/node_modules/escape-string-regexp Completed in 0ms
399 timing idealTree:node_modules/pm2/node_modules/pm2-axon-rpc Completed in 0ms
400 silly placeDep node_modules/pm2 run-series@1.1.9 OK for: pm2-deploy@1.0.2 want: ^1.1.8
401 silly placeDep node_modules/pm2 tv4@1.3.0 OK for: pm2-deploy@1.0.2 want: ^1.3.0
402 timing idealTree:node_modules/pm2/node_modules/pm2-deploy Completed in 2ms
403 silly placeDep node_modules/pm2 charm@0.1.2 OK for: pm2-multimeter@0.1.2 want: ~0.1.1
404 timing idealTree:node_modules/pm2/node_modules/pm2-multimeter Completed in 3ms
405 timing idealTree:node_modules/pm2/node_modules/charm Completed in 0ms
406 silly placeDep node_modules/pm2/node_modules/pm2-sysmonit pidusage@2.0.21 OK for: pm2-sysmonit@1.2.8 want: ^2.0.21
407 silly placeDep node_modules/pm2 systeminformation@5.16.6 OK for: pm2-sysmonit@1.2.8 want: ^5.7
408 silly placeDep node_modules/pm2 tx2@1.0.5 OK for: pm2-sysmonit@1.2.8 want: ~1.0.4
409 silly fetch manifest json-stringify-safe@^5.0.1
410 http fetch GET 200 https://registry.npmjs.org/json-stringify-safe 55ms (cache miss)
411 timing idealTree:node_modules/pm2/node_modules/pm2-sysmonit Completed in 60ms
412 silly placeDep node_modules/pm2 read@1.0.7 OK for: promptly@2.2.0 want: ^1.0.4
413 silly fetch manifest mute-stream@~0.0.4
414 http fetch GET 200 https://registry.npmjs.org/mute-stream 60ms (cache miss)
415 timing idealTree:node_modules/pm2/node_modules/promptly Completed in 62ms
416 silly placeDep node_modules/pm2 agent-base@6.0.2 OK for: proxy-agent@5.0.0 want: ^6.0.0
417 silly placeDep node_modules/pm2 http-proxy-agent@4.0.1 OK for: proxy-agent@5.0.0 want: ^4.0.0
418 silly placeDep node_modules/pm2 https-proxy-agent@5.0.1 OK for: proxy-agent@5.0.0 want: ^5.0.0
419 silly placeDep node_modules/pm2 lru-cache@5.1.1 OK for: proxy-agent@5.0.0 want: ^5.1.1
420 silly placeDep node_modules/pm2 pac-proxy-agent@5.0.0 OK for: proxy-agent@5.0.0 want: ^5.0.0
421 silly placeDep node_modules/pm2 proxy-from-env@1.1.0 OK for: proxy-agent@5.0.0 want: ^1.0.0
422 silly placeDep node_modules/pm2 socks-proxy-agent@5.0.1 OK for: proxy-agent@5.0.0 want: ^5.0.0
423 silly fetch manifest @tootallnate/once@1
424 silly fetch manifest yallist@^3.0.2
425 silly fetch manifest get-uri@3
426 silly fetch manifest pac-resolver@^5.0.0
427 silly fetch manifest raw-body@^2.2.0
428 silly fetch manifest socks@^2.3.3
429 http fetch GET 200 https://registry.npmjs.org/yallist 39ms (cache miss)
430 http fetch GET 200 https://registry.npmjs.org/raw-body 59ms (cache miss)
431 http fetch GET 200 https://registry.npmjs.org/get-uri 62ms (cache miss)
432 http fetch GET 200 https://registry.npmjs.org/pac-resolver 66ms (cache miss)
433 http fetch GET 200 https://registry.npmjs.org/socks 68ms (cache miss)
434 http fetch GET 200 https://registry.npmjs.org/@tootallnate%2fonce 89ms (cache miss)
435 timing idealTree:node_modules/pm2/node_modules/proxy-agent Completed in 103ms
436 timing idealTree:node_modules/pm2/node_modules/agent-base Completed in 0ms
437 silly placeDep node_modules/pm2 @tootallnate/once@1.1.2 OK for: http-proxy-agent@4.0.1 want: 1
438 timing idealTree:node_modules/pm2/node_modules/http-proxy-agent Completed in 2ms
439 timing idealTree:node_modules/pm2/node_modules/@tootallnate/once Completed in 0ms
440 timing idealTree:node_modules/pm2/node_modules/https-proxy-agent Completed in 0ms
441 silly placeDep node_modules/pm2 yallist@3.1.1 OK for: lru-cache@5.1.1 want: ^3.0.2
442 timing idealTree:node_modules/pm2/node_modules/lru-cache Completed in 1ms
443 silly placeDep node_modules/pm2 get-uri@3.0.2 OK for: pac-proxy-agent@5.0.0 want: 3
444 silly placeDep node_modules/pm2 pac-resolver@5.0.1 OK for: pac-proxy-agent@5.0.0 want: ^5.0.0
445 silly placeDep node_modules/pm2 raw-body@2.5.1 OK for: pac-proxy-agent@5.0.0 want: ^2.2.0
446 silly fetch manifest data-uri-to-buffer@3
447 silly fetch manifest file-uri-to-path@2
448 silly fetch manifest fs-extra@^8.1.0
449 silly fetch manifest ftp@^0.3.10
450 silly fetch manifest degenerator@^3.0.2
451 silly fetch manifest ip@^1.1.5
452 silly fetch manifest netmask@^2.0.2
453 silly fetch manifest bytes@3.1.2
454 silly fetch manifest http-errors@2.0.0
455 silly fetch manifest unpipe@1.0.0
456 http fetch GET 200 https://registry.npmjs.org/file-uri-to-path 74ms (cache miss)
457 http fetch GET 200 https://registry.npmjs.org/fs-extra 74ms (cache miss)
458 http fetch GET 200 https://registry.npmjs.org/netmask 74ms (cache miss)
459 http fetch GET 200 https://registry.npmjs.org/ip 76ms (cache miss)
460 http fetch GET 200 https://registry.npmjs.org/data-uri-to-buffer 87ms (cache miss)
461 http fetch GET 200 https://registry.npmjs.org/unpipe 83ms (cache miss)
462 http fetch GET 200 https://registry.npmjs.org/ftp 108ms (cache miss)
463 http fetch GET 200 https://registry.npmjs.org/degenerator 108ms (cache miss)
464 http fetch GET 200 https://registry.npmjs.org/bytes 108ms (cache miss)
465 http fetch GET 200 https://registry.npmjs.org/http-errors 109ms (cache miss)
466 timing idealTree:node_modules/pm2/node_modules/pac-proxy-agent Completed in 125ms
467 silly placeDep node_modules/pm2 data-uri-to-buffer@3.0.1 OK for: get-uri@3.0.2 want: 3
468 silly placeDep node_modules/pm2 file-uri-to-path@2.0.0 OK for: get-uri@3.0.2 want: 2
469 silly placeDep node_modules/pm2 fs-extra@8.1.0 OK for: get-uri@3.0.2 want: ^8.1.0
470 silly placeDep node_modules/pm2 ftp@0.3.10 OK for: get-uri@3.0.2 want: ^0.3.10
471 silly fetch manifest graceful-fs@^4.2.0
472 silly fetch manifest jsonfile@^4.0.0
473 silly fetch manifest universalify@^0.1.0
474 silly fetch manifest xregexp@2.0.0
475 silly fetch manifest readable-stream@1.1.x
476 http fetch GET 200 https://registry.npmjs.org/xregexp 28ms (cache miss)
477 http fetch GET 200 https://registry.npmjs.org/graceful-fs 39ms (cache miss)
478 http fetch GET 200 https://registry.npmjs.org/readable-stream 37ms (cache miss)
479 http fetch GET 200 https://registry.npmjs.org/universalify 54ms (cache miss)
480 http fetch GET 200 https://registry.npmjs.org/jsonfile 56ms (cache miss)
481 timing idealTree:node_modules/pm2/node_modules/get-uri Completed in 63ms
482 timing idealTree:node_modules/pm2/node_modules/data-uri-to-buffer Completed in 0ms
483 timing idealTree:node_modules/pm2/node_modules/file-uri-to-path Completed in 0ms
484 silly placeDep node_modules/pm2 graceful-fs@4.2.10 OK for: fs-extra@8.1.0 want: ^4.2.0
485 silly placeDep node_modules/pm2 jsonfile@4.0.0 OK for: fs-extra@8.1.0 want: ^4.0.0
486 silly placeDep node_modules/pm2 universalify@0.1.2 OK for: fs-extra@8.1.0 want: ^0.1.0
487 timing idealTree:node_modules/pm2/node_modules/fs-extra Completed in 4ms
488 silly placeDep node_modules/pm2 readable-stream@1.1.14 OK for: ftp@0.3.10 want: 1.1.x
489 silly placeDep node_modules/pm2 xregexp@2.0.0 OK for: ftp@0.3.10 want: 2.0.0
490 silly fetch manifest core-util-is@~1.0.0
491 silly fetch manifest isarray@0.0.1
492 silly fetch manifest string_decoder@~0.10.x
493 silly fetch manifest inherits@~2.0.1
494 http fetch GET 200 https://registry.npmjs.org/inherits 26ms (cache miss)
495 http fetch GET 200 https://registry.npmjs.org/string_decoder 47ms (cache miss)
496 http fetch GET 200 https://registry.npmjs.org/isarray 50ms (cache miss)
497 http fetch GET 200 https://registry.npmjs.org/core-util-is 52ms (cache miss)
498 timing idealTree:node_modules/pm2/node_modules/ftp Completed in 55ms
499 timing idealTree:node_modules/pm2/node_modules/graceful-fs Completed in 0ms
500 timing idealTree:node_modules/pm2/node_modules/jsonfile Completed in 0ms
501 silly placeDep node_modules/pm2 degenerator@3.0.2 OK for: pac-resolver@5.0.1 want: ^3.0.2
502 silly placeDep node_modules/pm2 ip@1.1.8 OK for: pac-resolver@5.0.1 want: ^1.1.5
503 silly placeDep node_modules/pm2 netmask@2.0.2 OK for: pac-resolver@5.0.1 want: ^2.0.2
504 silly fetch manifest ast-types@^0.13.2
505 silly fetch manifest escodegen@^1.8.1
506 silly fetch manifest esprima@^4.0.0
507 silly fetch manifest vm2@^3.9.8
508 http fetch GET 200 https://registry.npmjs.org/vm2 30ms (cache miss)
509 http fetch GET 200 https://registry.npmjs.org/escodegen 41ms (cache miss)
510 http fetch GET 200 https://registry.npmjs.org/esprima 52ms (cache miss)
511 http fetch GET 200 https://registry.npmjs.org/ast-types 115ms (cache miss)
512 timing idealTree:node_modules/pm2/node_modules/pac-resolver Completed in 123ms
513 silly placeDep node_modules/pm2 ast-types@0.13.4 OK for: degenerator@3.0.2 want: ^0.13.2
514 silly placeDep node_modules/pm2 escodegen@1.14.3 OK for: degenerator@3.0.2 want: ^1.8.1
515 silly placeDep node_modules/pm2 esprima@4.0.1 OK for: degenerator@3.0.2 want: ^4.0.0
516 silly placeDep node_modules/pm2 vm2@3.9.13 OK for: degenerator@3.0.2 want: ^3.9.8
517 silly fetch manifest tslib@^2.0.1
518 silly fetch manifest estraverse@^4.2.0
519 silly fetch manifest esutils@^2.0.2
520 silly fetch manifest optionator@^0.8.1
521 silly fetch manifest source-map@~0.6.1
522 silly fetch manifest acorn@^8.7.0
523 silly fetch manifest acorn-walk@^8.2.0
524 http fetch GET 200 https://registry.npmjs.org/acorn-walk 24ms (cache miss)
525 http fetch GET 200 https://registry.npmjs.org/esutils 31ms (cache miss)
526 http fetch GET 200 https://registry.npmjs.org/optionator 37ms (cache miss)
527 http fetch GET 200 https://registry.npmjs.org/estraverse 48ms (cache miss)
528 http fetch GET 200 https://registry.npmjs.org/acorn 68ms (cache miss)
529 timing idealTree:node_modules/pm2/node_modules/degenerator Completed in 78ms
530 silly placeDep node_modules/pm2/node_modules/ast-types tslib@2.4.1 OK for: ast-types@0.13.4 want: ^2.0.1
531 timing idealTree:node_modules/pm2/node_modules/ast-types Completed in 9ms
532 silly placeDep node_modules/pm2 estraverse@4.3.0 OK for: escodegen@1.14.3 want: ^4.2.0
533 silly placeDep node_modules/pm2 esutils@2.0.3 OK for: escodegen@1.14.3 want: ^2.0.2
534 silly placeDep node_modules/pm2 optionator@0.8.3 OK for: escodegen@1.14.3 want: ^0.8.1
535 silly placeDep node_modules/pm2 source-map@0.6.1 OK for: escodegen@1.14.3 want: ~0.6.1
536 silly fetch manifest prelude-ls@~1.1.2
537 silly fetch manifest deep-is@~0.1.3
538 silly fetch manifest word-wrap@~1.2.3
539 silly fetch manifest type-check@~0.3.2
540 silly fetch manifest levn@~0.3.0
541 silly fetch manifest fast-levenshtein@~2.0.6
542 http fetch GET 200 https://registry.npmjs.org/levn 36ms (cache miss)
543 http fetch GET 200 https://registry.npmjs.org/type-check 40ms (cache miss)
544 http fetch GET 200 https://registry.npmjs.org/word-wrap 45ms (cache miss)
545 http fetch GET 200 https://registry.npmjs.org/fast-levenshtein 53ms (cache miss)
546 http fetch GET 200 https://registry.npmjs.org/prelude-ls 66ms (cache miss)
547 http fetch GET 200 https://registry.npmjs.org/deep-is 79ms (cache miss)
548 timing idealTree:node_modules/pm2/node_modules/escodegen Completed in 90ms
549 timing idealTree:node_modules/pm2/node_modules/esprima Completed in 0ms
550 timing idealTree:node_modules/pm2/node_modules/estraverse Completed in 0ms
551 timing idealTree:node_modules/pm2/node_modules/esutils Completed in 0ms
552 timing idealTree:node_modules/pm2/node_modules/ip Completed in 0ms
553 timing idealTree:node_modules/pm2/node_modules/netmask Completed in 0ms
554 silly placeDep node_modules/pm2 deep-is@0.1.4 OK for: optionator@0.8.3 want: ~0.1.3
555 silly placeDep node_modules/pm2 fast-levenshtein@2.0.6 OK for: optionator@0.8.3 want: ~2.0.6
556 silly placeDep node_modules/pm2 levn@0.3.0 OK for: optionator@0.8.3 want: ~0.3.0
557 silly placeDep node_modules/pm2 prelude-ls@1.1.2 OK for: optionator@0.8.3 want: ~1.1.2
558 silly placeDep node_modules/pm2 type-check@0.3.2 OK for: optionator@0.8.3 want: ~0.3.2
559 silly placeDep node_modules/pm2 word-wrap@1.2.3 OK for: optionator@0.8.3 want: ~1.2.3
560 timing idealTree:node_modules/pm2/node_modules/optionator Completed in 9ms
561 timing idealTree:node_modules/pm2/node_modules/deep-is Completed in 0ms
562 timing idealTree:node_modules/pm2/node_modules/fast-levenshtein Completed in 0ms
563 timing idealTree:node_modules/pm2/node_modules/levn Completed in 0ms
564 timing idealTree:node_modules/pm2/node_modules/prelude-ls Completed in 0ms
565 timing idealTree:node_modules/pm2/node_modules/proxy-from-env Completed in 0ms
566 silly placeDep node_modules/pm2 bytes@3.1.2 OK for: raw-body@2.5.1 want: 3.1.2
567 silly placeDep node_modules/pm2 http-errors@2.0.0 OK for: raw-body@2.5.1 want: 2.0.0
568 silly placeDep node_modules/pm2 unpipe@1.0.0 OK for: raw-body@2.5.1 want: 1.0.0
569 silly fetch manifest depd@2.0.0
570 silly fetch manifest inherits@2.0.4
571 silly fetch manifest setprototypeof@1.2.0
572 silly fetch manifest statuses@2.0.1
573 silly fetch manifest toidentifier@1.0.1
574 http fetch GET 200 https://registry.npmjs.org/toidentifier 36ms (cache miss)
575 http fetch GET 200 https://registry.npmjs.org/setprototypeof 46ms (cache miss)
576 http fetch GET 200 https://registry.npmjs.org/depd 61ms (cache miss)
577 http fetch GET 200 https://registry.npmjs.org/statuses 67ms (cache miss)
578 timing idealTree:node_modules/pm2/node_modules/raw-body Completed in 82ms
579 timing idealTree:node_modules/pm2/node_modules/bytes Completed in 0ms
580 silly placeDep node_modules/pm2 depd@2.0.0 OK for: http-errors@2.0.0 want: 2.0.0
581 silly placeDep node_modules/pm2 inherits@2.0.4 OK for: http-errors@2.0.0 want: 2.0.4
582 silly placeDep node_modules/pm2 setprototypeof@1.2.0 OK for: http-errors@2.0.0 want: 1.2.0
583 silly placeDep node_modules/pm2 statuses@2.0.1 OK for: http-errors@2.0.0 want: 2.0.1
584 silly placeDep node_modules/pm2 toidentifier@1.0.1 OK for: http-errors@2.0.0 want: 1.0.1
585 timing idealTree:node_modules/pm2/node_modules/http-errors Completed in 5ms
586 timing idealTree:node_modules/pm2/node_modules/depd Completed in 0ms
587 timing idealTree:node_modules/pm2/node_modules/inherits Completed in 0ms
588 silly placeDep node_modules/pm2 mute-stream@0.0.8 OK for: read@1.0.7 want: ~0.0.4
589 timing idealTree:node_modules/pm2/node_modules/read Completed in 3ms
590 timing idealTree:node_modules/pm2/node_modules/mute-stream Completed in 0ms
591 silly placeDep node_modules/pm2 core-util-is@1.0.3 OK for: readable-stream@1.1.14 want: ~1.0.0
592 silly placeDep node_modules/pm2 isarray@0.0.1 OK for: readable-stream@1.1.14 want: 0.0.1
593 silly placeDep node_modules/pm2 string_decoder@0.10.31 OK for: readable-stream@1.1.14 want: ~0.10.x
594 timing idealTree:node_modules/pm2/node_modules/readable-stream Completed in 6ms
595 timing idealTree:node_modules/pm2/node_modules/core-util-is Completed in 0ms
596 timing idealTree:node_modules/pm2/node_modules/isarray Completed in 0ms
597 timing idealTree:node_modules/pm2/node_modules/readdirp Completed in 0ms
598 silly placeDep node_modules/pm2 module-details-from-path@1.0.3 OK for: require-in-the-middle@5.2.0 want: ^1.0.3
599 silly placeDep node_modules/pm2 resolve@1.22.1 OK for: require-in-the-middle@5.2.0 want: ^1.22.1
600 silly fetch manifest is-core-module@^2.9.0
601 silly fetch manifest path-parse@^1.0.7
602 silly fetch manifest supports-preserve-symlinks-flag@^1.0.0
603 http fetch GET 200 https://registry.npmjs.org/supports-preserve-symlinks-flag 30ms (cache miss)
604 http fetch GET 200 https://registry.npmjs.org/path-parse 39ms (cache miss)
605 http fetch GET 200 https://registry.npmjs.org/is-core-module 66ms (cache miss)
606 timing idealTree:node_modules/pm2/node_modules/require-in-the-middle Completed in 69ms
607 timing idealTree:node_modules/pm2/node_modules/module-details-from-path Completed in 1ms
608 silly placeDep node_modules/pm2 is-core-module@2.11.0 OK for: resolve@1.22.1 want: ^2.9.0
609 silly placeDep node_modules/pm2 path-parse@1.0.7 OK for: resolve@1.22.1 want: ^1.0.7
610 silly placeDep node_modules/pm2 supports-preserve-symlinks-flag@1.0.0 OK for: resolve@1.22.1 want: ^1.0.0
611 silly fetch manifest has@^1.0.3
612 http fetch GET 200 https://registry.npmjs.org/has 82ms (cache miss)
613 timing idealTree:node_modules/pm2/node_modules/resolve Completed in 85ms
614 silly placeDep node_modules/pm2 has@1.0.3 OK for: is-core-module@2.11.0 want: ^1.0.3
615 silly fetch manifest function-bind@^1.1.1
616 http fetch GET 200 https://registry.npmjs.org/function-bind 43ms (cache miss)
617 timing idealTree:node_modules/pm2/node_modules/is-core-module Completed in 46ms
618 silly placeDep node_modules/pm2 function-bind@1.1.1 OK for: has@1.0.3 want: ^1.1.1
619 timing idealTree:node_modules/pm2/node_modules/has Completed in 1ms
620 timing idealTree:node_modules/pm2/node_modules/function-bind Completed in 0ms
621 timing idealTree:node_modules/pm2/node_modules/path-parse Completed in 0ms
622 timing idealTree:node_modules/pm2/node_modules/run-series Completed in 1ms
623 timing idealTree:node_modules/pm2/node_modules/safe-buffer Completed in 0ms
624 timing idealTree:node_modules/pm2/node_modules/safer-buffer Completed in 0ms
625 timing idealTree:node_modules/pm2/node_modules/sax Completed in 0ms
626 silly placeDep node_modules/pm2/node_modules/semver lru-cache@6.0.0 OK for: semver@7.3.8 want: ^6.0.0
627 silly fetch manifest yallist@^4.0.0
628 timing idealTree:node_modules/pm2/node_modules/semver Completed in 2ms
629 timing idealTree:node_modules/pm2/node_modules/setprototypeof Completed in 0ms
630 timing idealTree:node_modules/pm2/node_modules/shimmer Completed in 0ms
631 timing idealTree:node_modules/pm2/node_modules/signal-exit Completed in 0ms
632 silly placeDep node_modules/pm2 socks@2.7.1 OK for: socks-proxy-agent@5.0.1 want: ^2.3.3
633 silly fetch manifest ip@^2.0.0
634 silly fetch manifest smart-buffer@^4.2.0
635 http fetch GET 200 https://registry.npmjs.org/smart-buffer 52ms (cache miss)
636 timing idealTree:node_modules/pm2/node_modules/socks-proxy-agent Completed in 55ms
637 silly placeDep node_modules/pm2/node_modules/socks ip@2.0.0 OK for: socks@2.7.1 want: ^2.0.0
638 silly placeDep node_modules/pm2 smart-buffer@4.2.0 OK for: socks@2.7.1 want: ^4.2.0
639 timing idealTree:node_modules/pm2/node_modules/socks Completed in 6ms
640 timing idealTree:node_modules/pm2/node_modules/smart-buffer Completed in 0ms
641 timing idealTree:node_modules/pm2/node_modules/source-map Completed in 0ms
642 silly placeDep node_modules/pm2 buffer-from@1.1.2 OK for: source-map-support@0.5.21 want: ^1.0.0
643 timing idealTree:node_modules/pm2/node_modules/source-map-support Completed in 1ms
644 timing idealTree:node_modules/pm2/node_modules/buffer-from Completed in 0ms
645 timing idealTree:node_modules/pm2/node_modules/sprintf-js Completed in 0ms
646 timing idealTree:node_modules/pm2/node_modules/statuses Completed in 0ms
647 timing idealTree:node_modules/pm2/node_modules/string_decoder Completed in 0ms
648 silly placeDep node_modules/pm2 has-flag@4.0.0 OK for: supports-color@7.2.0 want: ^4.0.0
649 timing idealTree:node_modules/pm2/node_modules/supports-color Completed in 1ms
650 timing idealTree:node_modules/pm2/node_modules/has-flag Completed in 0ms
651 timing idealTree:node_modules/pm2/node_modules/supports-preserve-symlinks-flag Completed in 0ms
652 timing idealTree:node_modules/pm2/node_modules/systeminformation Completed in 0ms
653 silly placeDep node_modules/pm2 is-number@7.0.0 OK for: to-regex-range@5.0.1 want: ^7.0.0
654 timing idealTree:node_modules/pm2/node_modules/to-regex-range Completed in 1ms
655 timing idealTree:node_modules/pm2/node_modules/is-number Completed in 0ms
656 timing idealTree:node_modules/pm2/node_modules/toidentifier Completed in 0ms
657 timing idealTree:node_modules/pm2/node_modules/tslib Completed in 0ms
658 timing idealTree:node_modules/pm2/node_modules/tv4 Completed in 0ms
659 silly placeDep node_modules/pm2 json-stringify-safe@5.0.1 OK for: tx2@1.0.5 want: ^5.0.1
660 timing idealTree:node_modules/pm2/node_modules/tx2 Completed in 2ms
661 timing idealTree:node_modules/pm2/node_modules/json-stringify-safe Completed in 0ms
662 timing idealTree:node_modules/pm2/node_modules/type-check Completed in 0ms
663 timing idealTree:node_modules/pm2/node_modules/universalify Completed in 0ms
664 timing idealTree:node_modules/pm2/node_modules/unpipe Completed in 0ms
665 timing idealTree:node_modules/pm2/node_modules/uuid Completed in 0ms
666 silly placeDep node_modules/pm2/node_modules/vizion async@2.6.4 OK for: vizion@2.2.1 want: ^2.6.3
667 silly placeDep node_modules/pm2 git-node-fs@1.0.0 OK for: vizion@2.2.1 want: ^1.0.0
668 silly placeDep node_modules/pm2 ini@1.3.8 OK for: vizion@2.2.1 want: ^1.3.5
669 silly placeDep node_modules/pm2 js-git@0.7.8 OK for: vizion@2.2.1 want: ^0.7.8
670 silly fetch manifest bodec@^0.1.0
671 silly fetch manifest culvert@^0.1.2
672 silly fetch manifest git-sha1@^0.1.2
673 silly fetch manifest pako@^0.2.5
674 http fetch GET 200 https://registry.npmjs.org/pako 33ms (cache miss)
675 http fetch GET 200 https://registry.npmjs.org/git-sha1 48ms (cache miss)
676 http fetch GET 200 https://registry.npmjs.org/bodec 51ms (cache miss)
677 http fetch GET 200 https://registry.npmjs.org/culvert 56ms (cache miss)
678 timing idealTree:node_modules/pm2/node_modules/vizion Completed in 68ms
679 timing idealTree:node_modules/pm2/node_modules/git-node-fs Completed in 0ms
680 timing idealTree:node_modules/pm2/node_modules/ini Completed in 0ms
681 silly placeDep node_modules/pm2 bodec@0.1.0 OK for: js-git@0.7.8 want: ^0.1.0
682 silly placeDep node_modules/pm2 culvert@0.1.2 OK for: js-git@0.7.8 want: ^0.1.2
683 silly placeDep node_modules/pm2 git-sha1@0.1.2 OK for: js-git@0.7.8 want: ^0.1.2
684 silly placeDep node_modules/pm2 pako@0.2.9 OK for: js-git@0.7.8 want: ^0.2.5
685 timing idealTree:node_modules/pm2/node_modules/js-git Completed in 17ms
686 timing idealTree:node_modules/pm2/node_modules/bodec Completed in 0ms
687 timing idealTree:node_modules/pm2/node_modules/culvert Completed in 0ms
688 timing idealTree:node_modules/pm2/node_modules/git-sha1 Completed in 0ms
689 timing idealTree:node_modules/pm2/node_modules/pako Completed in 0ms
690 silly placeDep node_modules/pm2 acorn@8.8.1 OK for: vm2@3.9.13 want: ^8.7.0
691 silly placeDep node_modules/pm2 acorn-walk@8.2.0 OK for: vm2@3.9.13 want: ^8.2.0
692 timing idealTree:node_modules/pm2/node_modules/vm2 Completed in 2ms
693 timing idealTree:node_modules/pm2/node_modules/acorn Completed in 0ms
694 timing idealTree:node_modules/pm2/node_modules/acorn-walk Completed in 0ms
695 timing idealTree:node_modules/pm2/node_modules/word-wrap Completed in 0ms
696 timing idealTree:node_modules/pm2/node_modules/ws Completed in 0ms
697 timing idealTree:node_modules/pm2/node_modules/xregexp Completed in 0ms
698 timing idealTree:node_modules/pm2/node_modules/yallist Completed in 0ms
699 silly placeDep node_modules/pm2 argparse@1.0.10 OK for: yamljs@0.3.0 want: ^1.0.7
700 silly placeDep node_modules/pm2 glob@7.2.3 OK for: yamljs@0.3.0 want: ^7.0.5
701 silly fetch manifest sprintf-js@~1.0.2
702 silly fetch manifest fs.realpath@^1.0.0
703 silly fetch manifest inflight@^1.0.4
704 silly fetch manifest minimatch@^3.1.1
705 silly fetch manifest once@^1.3.0
706 silly fetch manifest path-is-absolute@^1.0.0
707 http fetch GET 200 https://registry.npmjs.org/once 42ms (cache miss)
708 http fetch GET 200 https://registry.npmjs.org/minimatch 52ms (cache miss)
709 http fetch GET 200 https://registry.npmjs.org/path-is-absolute 50ms (cache miss)
710 http fetch GET 200 https://registry.npmjs.org/inflight 64ms (cache miss)
711 http fetch GET 200 https://registry.npmjs.org/fs.realpath 65ms (cache miss)
712 timing idealTree:node_modules/pm2/node_modules/yamljs Completed in 77ms
713 silly placeDep node_modules/pm2/node_modules/argparse sprintf-js@1.0.3 OK for: argparse@1.0.10 want: ~1.0.2
714 timing idealTree:node_modules/pm2/node_modules/argparse Completed in 2ms
715 silly placeDep node_modules/pm2 fs.realpath@1.0.0 OK for: glob@7.2.3 want: ^1.0.0
716 silly placeDep node_modules/pm2 inflight@1.0.6 OK for: glob@7.2.3 want: ^1.0.4
717 silly placeDep node_modules/pm2 minimatch@3.1.2 OK for: glob@7.2.3 want: ^3.1.1
718 silly placeDep node_modules/pm2 once@1.4.0 OK for: glob@7.2.3 want: ^1.3.0
719 silly placeDep node_modules/pm2 path-is-absolute@1.0.1 OK for: glob@7.2.3 want: ^1.0.0
720 silly fetch manifest wrappy@1
721 silly fetch manifest brace-expansion@^1.1.7
722 http fetch GET 200 https://registry.npmjs.org/brace-expansion 35ms (cache miss)
723 http fetch GET 200 https://registry.npmjs.org/wrappy 80ms (cache miss)
724 timing idealTree:node_modules/pm2/node_modules/glob Completed in 88ms
725 timing idealTree:node_modules/pm2/node_modules/fs.realpath Completed in 0ms
726 silly placeDep node_modules/pm2 wrappy@1.0.2 OK for: inflight@1.0.6 want: 1
727 timing idealTree:node_modules/pm2/node_modules/inflight Completed in 4ms
728 silly placeDep node_modules/pm2 brace-expansion@1.1.11 OK for: minimatch@3.1.2 want: ^1.1.7
729 silly fetch manifest balanced-match@^1.0.0
730 silly fetch manifest concat-map@0.0.1
731 http fetch GET 200 https://registry.npmjs.org/balanced-match 39ms (cache miss)
732 http fetch GET 200 https://registry.npmjs.org/concat-map 50ms (cache miss)
733 timing idealTree:node_modules/pm2/node_modules/minimatch Completed in 53ms
734 silly placeDep node_modules/pm2 balanced-match@1.0.2 OK for: brace-expansion@1.1.11 want: ^1.0.0
735 silly placeDep node_modules/pm2 concat-map@0.0.1 OK for: brace-expansion@1.1.11 want: 0.0.1
736 timing idealTree:node_modules/pm2/node_modules/brace-expansion Completed in 4ms
737 timing idealTree:node_modules/pm2/node_modules/balanced-match Completed in 0ms
738 timing idealTree:node_modules/pm2/node_modules/concat-map Completed in 0ms
739 timing idealTree:node_modules/pm2/node_modules/once Completed in 0ms
740 timing idealTree:node_modules/pm2/node_modules/path-is-absolute Completed in 0ms
741 timing idealTree:node_modules/pm2/node_modules/wrappy Completed in 0ms
742 timing idealTree:node_modules/pm2/node_modules/@opencensus/core/node_modules/semver Completed in 0ms
743 silly placeDep node_modules/pm2/node_modules/@opencensus/propagation-b3 semver@5.7.1 OK for: @opencensus/core@0.0.8 want: ^5.5.0
744 timing idealTree:node_modules/pm2/node_modules/@opencensus/propagation-b3/node_modules/@opencensus/core Completed in 1ms
745 timing idealTree:node_modules/pm2/node_modules/@opencensus/propagation-b3/node_modules/semver Completed in 0ms
746 timing idealTree:node_modules/pm2/node_modules/@pm2/agent/node_modules/dayjs Completed in 0ms
747 timing idealTree:node_modules/pm2/node_modules/@pm2/agent/node_modules/semver Completed in 0ms
748 silly placeDep node_modules/pm2 lodash@4.17.21 OK for: async@2.6.4 want: ^4.17.14
749 timing idealTree:node_modules/pm2/node_modules/@pm2/io/node_modules/async Completed in 1ms
750 timing idealTree:node_modules/pm2/node_modules/lodash Completed in 0ms
751 timing idealTree:node_modules/pm2/node_modules/@pm2/io/node_modules/eventemitter2 Completed in 0ms
752 timing idealTree:node_modules/pm2/node_modules/@pm2/io/node_modules/semver Completed in 0ms
753 timing idealTree:node_modules/pm2/node_modules/@pm2/js-api/node_modules/async Completed in 0ms
754 timing idealTree:node_modules/pm2/node_modules/@pm2/js-api/node_modules/eventemitter2 Completed in 0ms
755 timing idealTree:node_modules/pm2/node_modules/argparse/node_modules/sprintf-js Completed in 0ms
756 timing idealTree:node_modules/pm2/node_modules/ast-types/node_modules/tslib Completed in 0ms
757 timing idealTree:node_modules/pm2/node_modules/async-listener/node_modules/semver Completed in 1ms
758 timing idealTree:node_modules/pm2/node_modules/needle/node_modules/debug Completed in 0ms
759 timing idealTree:node_modules/pm2/node_modules/nssocket/node_modules/eventemitter2 Completed in 0ms
760 timing idealTree:node_modules/pm2/node_modules/pm2-sysmonit/node_modules/pidusage Completed in 0ms
761 silly placeDep node_modules/pm2/node_modules/semver yallist@4.0.0 OK for: lru-cache@6.0.0 want: ^4.0.0
762 timing idealTree:node_modules/pm2/node_modules/semver/node_modules/lru-cache Completed in 1ms
763 timing idealTree:node_modules/pm2/node_modules/semver/node_modules/yallist Completed in 0ms
764 timing idealTree:node_modules/pm2/node_modules/socks/node_modules/ip Completed in 0ms
765 timing idealTree:node_modules/pm2/node_modules/vizion/node_modules/async Completed in 0ms
766 timing idealTree:buildDeps Completed in 5347ms
767 timing idealTree:fixDepFlags Completed in 2ms
768 timing idealTree Completed in 5364ms
769 timing reify:loadTrees Completed in 5368ms
770 timing reify:diffTrees Completed in 4ms
771 silly reify moves {}
772 timing reify:retireShallow Completed in 1ms
773 timing reify:rollback:createSparse Completed in 0ms
774 timing reify:rollback:retireShallow Completed in 0ms
775 timing command:install Completed in 5472ms
776 notice
776 notice New [31mmajor[39m version of npm available! [31m8.19.2[39m -> [32m9.2.0[39m
776 notice Changelog: [36mhttps://github.com/npm/cli/releases/tag/v9.2.0[39m
776 notice Run [32mnpm install -g npm@9.2.0[39m to update!
776 notice
777 verbose stack Error: EACCES: permission denied, mkdir '/usr/lib/node_modules/pm2'
778 verbose cwd /home/ec2-user
779 verbose Linux 5.10.147-133.644.amzn2.x86_64
780 verbose node v16.18.1
781 verbose npm  v8.19.2
782 error code EACCES
783 error syscall mkdir
784 error path /usr/lib/node_modules/pm2
785 error errno -13
786 error [Error: EACCES: permission denied, mkdir '/usr/lib/node_modules/pm2'] {
786 error   errno: -13,
786 error   code: 'EACCES',
786 error   syscall: 'mkdir',
786 error   path: '/usr/lib/node_modules/pm2'
786 error }
787 error
787 error The operation was rejected by your operating system.
787 error It is likely you do not have the permissions to access this file as the current user
787 error
787 error If you believe this might be a permissions issue, please double-check the
787 error permissions of the file and its containing directories, or try running
787 error the command again as root/Administrator.
788 verbose exit -13
789 timing npm Completed in 5614ms
790 verbose unfinished npm timer reify 1670830036757
791 verbose unfinished npm timer reify:createSparse 1670830042173
792 verbose code -13
793 error A complete log of this run can be found in:
793 error     /home/ec2-user/.npm/_logs/2022-12-12T07_27_16_622Z-debug-0.log
